<?xml version="1.0" encoding="UTF-8"?>
<testExecutions version="1">
  <file path="/home/bhavS/GreenCommute/green-commute/src/components/atoms/Illustration/index.test.tsx">
    <testCase name="Atoms renders Illustration" duration="69"/>
  </file>
  <file path="/home/bhavS/GreenCommute/green-commute/src/components/atoms/Logo/index.test.tsx">
    <testCase name="Atoms renders logo" duration="45"/>
  </file>
  <file path="/home/bhavS/GreenCommute/green-commute/src/components/atoms/Avatar/index.test.tsx">
    <testCase name="Avatar renders correctly" duration="57"/>
  </file>
  <file path="/home/bhavS/GreenCommute/green-commute/src/components/atoms/Typography/index.test.tsx">
    <testCase name="Typography Render h1" duration="50"/>
    <testCase name="Typography Render h2" duration="9"/>
  </file>
  <file path="/home/bhavS/GreenCommute/green-commute/src/components/molecules/ListItem/index.test.tsx">
    <testCase name="List Item molecule Ola list item molecule" duration="100"/>
    <testCase name="List Item molecule Rapido list item molecule with approx and fare" duration="16"/>
    <testCase name="List Item molecule Uber list item molecule logo rendering test" duration="14"/>
    <testCase name="List Item Snapshot renders list item correctly" duration="16"/>
  </file>
  <file path="/home/bhavS/GreenCommute/green-commute/src/App.test.tsx">
    <testCase name="renders learn react link" duration="26"/>
  </file>
  <file path="/home/bhavS/GreenCommute/green-commute/src/components/atoms/InputField/index.test.tsx">
    <testCase name="Atoms renders input field" duration="116"/>
  </file>
  <file path="/home/bhavS/GreenCommute/green-commute/src/components/molecules/IconButton/index.test.tsx">
    <testCase name="Molecules renders filter button" duration="147"/>
  </file>
  <file path="/home/bhavS/GreenCommute/green-commute/src/components/atoms/Button/index.test.tsx">
    <testCase name="it renders Button" duration="134"/>
  </file>
</testExecutions>